<?xml version="1.0" encoding="UTF-8"?>
<!-- Generated by org.testng.reporters.JUnitReportReporter -->
<testsuite hostname="DESKTOP-NOAMFOU" failures="0" tests="2" name="SWAGLABS" time="3.051" errors="0" timestamp="2023-12-05T23:25:44 EET" skipped="1">
  <testcase classname="SWAGLABS" name="test2" time="3.051"/>
  <system-out/>
  <testcase classname="SWAGLABS" name="test1">
    <skipped/>
  </testcase> <!-- test1 -->
  <system-out/>
</testsuite> <!-- SWAGLABS -->
